<?xml version="1.0" encoding="UTF-8"?>
<!-- Generated by org.testng.reporters.JUnitReportReporter -->
<testsuite skipped="0" hostname="DESKTOP-2F9KF4V" name="com.rcb.testcases.LoginTest" tests="1" failures="0" timestamp="02 Mar 2021 10:21:28 GMT" time="3.524" errors="0">
  <testcase name="loginToAccountPage" time="3.524" classname="com.rcb.testcases.LoginTest"/>
</testsuite> <!-- com.rcb.testcases.LoginTest -->
