<?xml version="1.0" encoding="UTF-8"?>
<!-- Generated by org.testng.reporters.JUnitReportReporter -->
<testsuite skipped="0" hostname="DESKTOP-2F9KF4V" name="com.rcb.testcases.LoginTest" tests="1" failures="0" timestamp="03 Mar 2021 07:43:46 GMT" time="4.888" errors="0">
  <testcase name="loginToAccountPage" time="4.888" classname="com.rcb.testcases.LoginTest"/>
</testsuite> <!-- com.rcb.testcases.LoginTest -->
